[10:11:15] [Server thread/INFO]: Starting minecraft server version 1.8.8
[10:11:15] [Server thread/INFO]: Loading properties
[10:11:15] [Server thread/INFO]: Default game type: SURVIVAL
[10:11:15] [Server thread/INFO]: This server is running CraftBukkit version git-PaperSpigot-445 (MC: 1.8.8) (Implementing API version 1.8.8-R0.1-SNAPSHOT)
[10:11:15] [Server thread/INFO]: Debug logging is disabled
[10:11:15] [Server thread/INFO]: Spigot Timings: true - Verbose: true - Interval: 5m - Length: 60m
[10:11:15] [Server thread/INFO]: Server Ping Player Sample Count: 12

[10:11:15] [Server thread/INFO]: Using 4 threads for Netty based IO
[10:11:15] [Server thread/INFO]: Data value allowed items: 
[10:11:15] [Server thread/WARN]: java.lang.NoSuchFieldException: modifiers

[10:11:15] [Server thread/WARN]: 	at java.base/java.lang.Class.getDeclaredField(Class.java:2782)

[10:11:15] [Server thread/WARN]: 	at org.github.paperspigot.PaperSpigotConfig.stackableBuckets(PaperSpigotConfig.java:192)

[10:11:15] [Server thread/WARN]: 	at java.base/jdk.internal.reflect.DirectMethodHandleAccessor.invoke(DirectMethodHandleAccessor.java:103)

[10:11:15] [Server thread/WARN]: 	at java.base/java.lang.reflect.Method.invoke(Method.java:580)

[10:11:15] [Server thread/WARN]: 	at org.github.paperspigot.PaperSpigotConfig.readConfig(PaperSpigotConfig.java:84)

[10:11:15] [Server thread/WARN]: 	at org.github.paperspigot.PaperSpigotConfig.init(PaperSpigotConfig.java:62)

[10:11:15] [Server thread/WARN]: 	at net.minecraft.server.v1_8_R3.DedicatedServer.init(DedicatedServer.java:181)

[10:11:15] [Server thread/WARN]: 	at net.minecraft.server.v1_8_R3.MinecraftServer.run(MinecraftServer.java:563)

[10:11:15] [Server thread/WARN]: 	at java.base/java.lang.Thread.run(Thread.java:1583)

[10:11:15] [Server thread/INFO]: Generating keypair
[10:11:15] [Server thread/INFO]: Starting Minecraft server on localhost:25565
[10:11:15] [Server thread/INFO]: Your platform does not provide complete low-level API for accessing direct buffers reliably. Unless explicitly requested, heap buffer will always be preferred to avoid potential system unstability.
[10:11:15] [Server thread/INFO]: Using default channel type
[10:11:15] [Server thread/INFO]: Set PluginClassLoader as parallel capable
[10:11:16] [Server thread/INFO]: [SimpleTpa] Loading SimpleTpa v6.4
[10:11:16] [Server thread/INFO]: [SimpleHomes] Loading SimpleHomes v2.2
[10:11:16] [Server thread/INFO]: [WorldEdit] Loading WorldEdit v6.1;no_git_id
[10:11:16] [Server thread/INFO]: [PermissionsBukkit] Loading PermissionsBukkit v2.1
[10:11:16] [Server thread/INFO]: [LoginSecurity] Loading LoginSecurity v3.2.0
[10:11:16] [Server thread/WARN]: **** SERVER IS RUNNING IN OFFLINE/INSECURE MODE!
[10:11:16] [Server thread/WARN]: The server will make no attempt to authenticate usernames. Beware.
[10:11:16] [Server thread/WARN]: Whilst this makes it possible to use BungeeCord, unless access to your server is properly restricted, it also opens up the ability for hackers to connect with any username they choose.
[10:11:16] [Server thread/WARN]: Please see http://www.spigotmc.org/wiki/firewall-guide/ for further information.
[10:11:16] [Server thread/WARN]: To change this, set "online-mode" to "true" in the server.properties file.
[10:11:16] [Server thread/INFO]: **** Beginning UUID conversion, this may take A LONG time ****
[10:11:16] [Server thread/INFO]: Preparing level "world"
[10:11:16] [Server thread/INFO]: -------- World Settings For [world] --------
[10:11:16] [Server thread/INFO]: Mob Spawn Range: 4
[10:11:16] [Server thread/INFO]: Anti X-Ray: true
[10:11:16] [Server thread/INFO]: 	Engine Mode: 1
[10:11:16] [Server thread/INFO]: 	Hidden Blocks: [14, 15, 16, 21, 48, 49, 54, 56, 73, 74, 82, 129, 130]
[10:11:16] [Server thread/INFO]: 	Replace Blocks: [1, 5]
[10:11:16] [Server thread/INFO]: Nerfing mobs spawned from spawners: false
[10:11:16] [Server thread/INFO]: Cactus Growth Modifier: 100%
[10:11:16] [Server thread/INFO]: Cane Growth Modifier: 100%
[10:11:16] [Server thread/INFO]: Melon Growth Modifier: 100%
[10:11:16] [Server thread/INFO]: Mushroom Growth Modifier: 100%
[10:11:16] [Server thread/INFO]: Pumpkin Growth Modifier: 100%
[10:11:16] [Server thread/INFO]: Sapling Growth Modifier: 100%
[10:11:16] [Server thread/INFO]: Wheat Growth Modifier: 100%
[10:11:16] [Server thread/INFO]: NetherWart Growth Modifier: 100%
[10:11:16] [Server thread/INFO]: Entity Activation Range: An 32 / Mo 32 / Mi 16
[10:11:16] [Server thread/INFO]: Entity Tracking Range: Pl 48 / An 48 / Mo 48 / Mi 32 / Other 64
[10:11:16] [Server thread/INFO]: Hopper Transfer: 8 Hopper Check: 8 Hopper Amount: 1
[10:11:16] [Server thread/INFO]: Random Lighting Updates: false
[10:11:16] [Server thread/INFO]: Structure Info Saving: true
[10:11:16] [Server thread/INFO]: Sending up to 10 chunks per packet
[10:11:16] [Server thread/INFO]: Max Entity Collisions: 8
[10:11:16] [Server thread/INFO]: Custom Map Seeds:  Village: 10387312 Feature: 14357617
[10:11:16] [Server thread/INFO]: Max TNT Explosions: 100
[10:11:16] [Server thread/INFO]: Tile Max Tick Time: 50ms Entity max Tick Time: 50ms
[10:11:16] [Server thread/INFO]: Item Despawn Rate: 6000
[10:11:16] [Server thread/INFO]: Item Merge Radius: 2.5
[10:11:16] [Server thread/INFO]: Arrow Despawn Rate: 1200
[10:11:16] [Server thread/INFO]: View Distance: 4
[10:11:16] [Server thread/INFO]: Allow Zombie Pigmen to spawn from portal blocks: true
[10:11:16] [Server thread/INFO]: Zombie Aggressive Towards Villager: true
[10:11:16] [Server thread/INFO]: Chunks to Grow per Tick: 650
[10:11:16] [Server thread/INFO]: Clear tick list: false
[10:11:16] [Server thread/INFO]: Experience Merge Radius: 3.0
[10:11:16] [Server thread/INFO]: -------- World Settings For [world] --------
[10:11:16] [Server thread/INFO]: Squids will spawn between Y: 45.0 and Y: 63.0
[10:11:16] [Server thread/INFO]: Max height for cactus growth 3. Max height for reed growth 3
[10:11:16] [Server thread/INFO]: Living Entity Despawn Ranges:  Soft: 32 Hard: 128
[10:11:16] [Server thread/INFO]: Remove invalid mob spawner tile entities: true
[10:11:16] [Server thread/INFO]: Player blocking damage multiplier set to 0.5
[10:11:16] [Server thread/INFO]: Water over lava flow speed: 5
[10:11:16] [Server thread/INFO]: Fix TNT cannons: false
[10:11:16] [Server thread/INFO]: Allow undead horse types to be leashed: false
[10:11:16] [Server thread/INFO]: Keep spawn chunk loaded: true
[10:11:16] [Server thread/INFO]: World async lighting: false
[10:11:16] [Server thread/INFO]: WorldServer TickNextTick cap set at 10000
[10:11:16] [Server thread/INFO]: WorldServer TickNextTickList cap always processes redstone: false
[10:11:16] [Server thread/INFO]: -------- World Settings For [world_nether] --------
[10:11:16] [Server thread/INFO]: Mob Spawn Range: 4
[10:11:16] [Server thread/INFO]: Anti X-Ray: true
[10:11:16] [Server thread/INFO]: 	Engine Mode: 1
[10:11:16] [Server thread/INFO]: 	Hidden Blocks: [14, 15, 16, 21, 48, 49, 54, 56, 73, 74, 82, 129, 130]
[10:11:16] [Server thread/INFO]: 	Replace Blocks: [1, 5]
[10:11:16] [Server thread/INFO]: Nerfing mobs spawned from spawners: false
[10:11:16] [Server thread/INFO]: Cactus Growth Modifier: 100%
[10:11:16] [Server thread/INFO]: Cane Growth Modifier: 100%
[10:11:16] [Server thread/INFO]: Melon Growth Modifier: 100%
[10:11:16] [Server thread/INFO]: Mushroom Growth Modifier: 100%
[10:11:16] [Server thread/INFO]: Pumpkin Growth Modifier: 100%
[10:11:16] [Server thread/INFO]: Sapling Growth Modifier: 100%
[10:11:16] [Server thread/INFO]: Wheat Growth Modifier: 100%
[10:11:16] [Server thread/INFO]: NetherWart Growth Modifier: 100%
[10:11:16] [Server thread/INFO]: Entity Activation Range: An 32 / Mo 32 / Mi 16
[10:11:16] [Server thread/INFO]: Entity Tracking Range: Pl 48 / An 48 / Mo 48 / Mi 32 / Other 64
[10:11:16] [Server thread/INFO]: Hopper Transfer: 8 Hopper Check: 8 Hopper Amount: 1
[10:11:16] [Server thread/INFO]: Random Lighting Updates: false
[10:11:16] [Server thread/INFO]: Structure Info Saving: true
[10:11:16] [Server thread/INFO]: Sending up to 10 chunks per packet
[10:11:16] [Server thread/INFO]: Max Entity Collisions: 8
[10:11:16] [Server thread/INFO]: Custom Map Seeds:  Village: 10387312 Feature: 14357617
[10:11:16] [Server thread/INFO]: Max TNT Explosions: 100
[10:11:16] [Server thread/INFO]: Tile Max Tick Time: 50ms Entity max Tick Time: 50ms
[10:11:16] [Server thread/INFO]: Item Despawn Rate: 6000
[10:11:16] [Server thread/INFO]: Item Merge Radius: 2.5
[10:11:16] [Server thread/INFO]: Arrow Despawn Rate: 1200
[10:11:16] [Server thread/INFO]: View Distance: 4
[10:11:16] [Server thread/INFO]: Allow Zombie Pigmen to spawn from portal blocks: true
[10:11:16] [Server thread/INFO]: Zombie Aggressive Towards Villager: true
[10:11:16] [Server thread/INFO]: Chunks to Grow per Tick: 650
[10:11:16] [Server thread/INFO]: Clear tick list: false
[10:11:16] [Server thread/INFO]: Experience Merge Radius: 3.0
[10:11:16] [Server thread/INFO]: -------- World Settings For [world_nether] --------
[10:11:16] [Server thread/INFO]: Squids will spawn between Y: 45.0 and Y: 63.0
[10:11:16] [Server thread/INFO]: Max height for cactus growth 3. Max height for reed growth 3
[10:11:16] [Server thread/INFO]: Living Entity Despawn Ranges:  Soft: 32 Hard: 128
[10:11:16] [Server thread/INFO]: Remove invalid mob spawner tile entities: true
[10:11:16] [Server thread/INFO]: Player blocking damage multiplier set to 0.5
[10:11:16] [Server thread/INFO]: Water over lava flow speed: 5
[10:11:16] [Server thread/INFO]: Fix TNT cannons: false
[10:11:16] [Server thread/INFO]: Allow undead horse types to be leashed: false
[10:11:16] [Server thread/INFO]: Keep spawn chunk loaded: true
[10:11:16] [Server thread/INFO]: World async lighting: false
[10:11:16] [Server thread/INFO]: WorldServer TickNextTick cap set at 10000
[10:11:16] [Server thread/INFO]: WorldServer TickNextTickList cap always processes redstone: false
[10:11:16] [Server thread/INFO]: -------- World Settings For [world_the_end] --------
[10:11:16] [Server thread/INFO]: Mob Spawn Range: 4
[10:11:16] [Server thread/INFO]: Anti X-Ray: true
[10:11:16] [Server thread/INFO]: 	Engine Mode: 1
[10:11:16] [Server thread/INFO]: 	Hidden Blocks: [14, 15, 16, 21, 48, 49, 54, 56, 73, 74, 82, 129, 130]
[10:11:16] [Server thread/INFO]: 	Replace Blocks: [1, 5]
[10:11:16] [Server thread/INFO]: Nerfing mobs spawned from spawners: false
[10:11:16] [Server thread/INFO]: Cactus Growth Modifier: 100%
[10:11:16] [Server thread/INFO]: Cane Growth Modifier: 100%
[10:11:16] [Server thread/INFO]: Melon Growth Modifier: 100%
[10:11:16] [Server thread/INFO]: Mushroom Growth Modifier: 100%
[10:11:16] [Server thread/INFO]: Pumpkin Growth Modifier: 100%
[10:11:16] [Server thread/INFO]: Sapling Growth Modifier: 100%
[10:11:16] [Server thread/INFO]: Wheat Growth Modifier: 100%
[10:11:16] [Server thread/INFO]: NetherWart Growth Modifier: 100%
[10:11:16] [Server thread/INFO]: Entity Activation Range: An 32 / Mo 32 / Mi 16
[10:11:16] [Server thread/INFO]: Entity Tracking Range: Pl 48 / An 48 / Mo 48 / Mi 32 / Other 64
[10:11:16] [Server thread/INFO]: Hopper Transfer: 8 Hopper Check: 8 Hopper Amount: 1
[10:11:16] [Server thread/INFO]: Random Lighting Updates: false
[10:11:16] [Server thread/INFO]: Structure Info Saving: true
[10:11:16] [Server thread/INFO]: Sending up to 10 chunks per packet
[10:11:16] [Server thread/INFO]: Max Entity Collisions: 8
[10:11:16] [Server thread/INFO]: Custom Map Seeds:  Village: 10387312 Feature: 14357617
[10:11:16] [Server thread/INFO]: Max TNT Explosions: 100
[10:11:16] [Server thread/INFO]: Tile Max Tick Time: 50ms Entity max Tick Time: 50ms
[10:11:16] [Server thread/INFO]: Item Despawn Rate: 6000
[10:11:16] [Server thread/INFO]: Item Merge Radius: 2.5
[10:11:16] [Server thread/INFO]: Arrow Despawn Rate: 1200
[10:11:16] [Server thread/INFO]: View Distance: 4
[10:11:16] [Server thread/INFO]: Allow Zombie Pigmen to spawn from portal blocks: true
[10:11:16] [Server thread/INFO]: Zombie Aggressive Towards Villager: true
[10:11:16] [Server thread/INFO]: Chunks to Grow per Tick: 650
[10:11:16] [Server thread/INFO]: Clear tick list: false
[10:11:16] [Server thread/INFO]: Experience Merge Radius: 3.0
[10:11:16] [Server thread/INFO]: -------- World Settings For [world_the_end] --------
[10:11:16] [Server thread/INFO]: Squids will spawn between Y: 45.0 and Y: 63.0
[10:11:16] [Server thread/INFO]: Max height for cactus growth 3. Max height for reed growth 3
[10:11:16] [Server thread/INFO]: Living Entity Despawn Ranges:  Soft: 32 Hard: 128
[10:11:16] [Server thread/INFO]: Remove invalid mob spawner tile entities: true
[10:11:16] [Server thread/INFO]: Player blocking damage multiplier set to 0.5
[10:11:16] [Server thread/INFO]: Water over lava flow speed: 5
[10:11:16] [Server thread/INFO]: Fix TNT cannons: false
[10:11:16] [Server thread/INFO]: Allow undead horse types to be leashed: false
[10:11:16] [Server thread/INFO]: Keep spawn chunk loaded: true
[10:11:16] [Server thread/INFO]: World async lighting: false
[10:11:16] [Server thread/INFO]: WorldServer TickNextTick cap set at 10000
[10:11:16] [Server thread/INFO]: WorldServer TickNextTickList cap always processes redstone: false
[10:11:16] [Server thread/INFO]: Preparing start region for level 0 (Seed: -5537185906147164596)
[10:11:17] [Server thread/INFO]: Preparing spawn area: 32%
[10:11:18] [Server thread/INFO]: Preparing start region for level 1 (Seed: -5537185906147164596)
[10:11:19] [Server thread/INFO]: Preparing start region for level 2 (Seed: -5537185906147164596)
[10:11:19] [Server thread/INFO]: [SimpleTpa] Enabling SimpleTpa v6.4
[10:11:19] [Server thread/INFO]: [0;33;1m[21m[SimpleTpa] If you need support contact me at https://discord.gg/SZUkza9[m

[10:11:19] [Server thread/INFO]: [0;33;1m[21m[SimpleTpa] Simple Tpa has been enabled on version 6.4[m

[10:11:19] [Server thread/INFO]: Enabled metrics. You may opt-out by changing plugins/bStats/config.yml
[10:11:19] [Server thread/INFO]: [SimpleHomes] Enabling SimpleHomes v2.2
[10:11:19] [Server thread/INFO]: [WorldEdit] Enabling WorldEdit v6.1;no_git_id
[10:11:19] [Server thread/INFO]: WEPIF: Using the Bukkit Permissions API.
[10:11:19] [Server thread/INFO]: [WorldEdit] Using com.sk89q.worldedit.bukkit.adapter.impl.Spigot_v1_8_R3 as the Bukkit adapter
[10:11:19] [Server thread/INFO]: [PermissionsBukkit] Enabling PermissionsBukkit v2.1
[10:11:19] [Server thread/INFO]: [PermissionsBukkit] Enabled successfully
[10:11:19] [Server thread/INFO]: [LoginSecurity] Enabling LoginSecurity v3.2.0
[10:11:19] [Server thread/INFO]: [LoginSecurity] Loading base translations from "en_us"
[10:11:19] [Server thread/INFO]: [LoginSecurity] Loading specified translations from "en_us"
[10:11:19] [Server thread/INFO]: [LoginSecurity] Registering commands...
[10:11:19] [Server thread/INFO]: [LoginSecurity] Registering listeners...
[10:11:19] [Server thread/INFO]: Server permissions file permissions.yml is empty, ignoring it
[10:11:19] [Server thread/INFO]: Done (3.782s)! For help, type "help" or "?"
[10:11:19] [Server thread/INFO]: Timings Reset
[10:11:19] [Craft Scheduler Thread - 1/INFO]: [Metrics] Connection refused
[10:11:20] [Craft Scheduler Thread - 0/INFO]: [0;31;1m[21m[SimpleTpa] There is a new update available.[m

[10:11:20] [Craft Scheduler Thread - 0/INFO]: [0;31;1m[SimpleTpa] There is a new update available:[m

[10:11:20] [Craft Scheduler Thread - 0/INFO]: [0;31;1m[SimpleTpa] https://www.spigotmc.org/resources/simple-tpa.64270/[m

[10:12:05] [Thread-7/INFO]: UUID of player ItsInvisTwitch is 5fba7fb0-0b91-3b8e-a9ce-8f287cdaaaec
[10:12:05] [Server thread/INFO]: ItsInvisTwitch[/[0:0:0:0:0:0:0:1]:49614] logged in with entity id 263 at ([world]197.95177980989757, 76.84677001534281, 311.0619828760917)
[10:12:59] [Server thread/INFO]: [0;31;1m[====[0;32;1m /permissons [0;31;1m====][m

[10:12:59] [Server thread/INFO]: [0;32;1m/permissions reload - [0;37;1mreload the configuration from disk.[m

[10:12:59] [Server thread/INFO]: [0;32;1m/permissions about - [0;37;1mdisplay general information on the plugin.[m

[10:12:59] [Server thread/INFO]: [0;32;1m/permissions check [0;35;1m<node>[0;32;1m [0;36;1m[player][0;32;1m - [0;37;1mcheck if a player or the sender has a permission (any plugin).[m

[10:12:59] [Server thread/INFO]: [0;32;1m/permissions info [0;35;1m<node>[0;32;1m - [0;37;1mprints information on a specific permission.[m

[10:12:59] [Server thread/INFO]: [0;32;1m/permissions dump [0;36;1m[player][0;32;1m [0;36;1m[page][0;32;1m - [0;37;1mprints info about a player's (or the sender's) permissions.[m

[10:12:59] [Server thread/INFO]: [0;32;1m/permissions setrank [0;35;1m<player>[0;32;1m [0;35;1m<group>[0;32;1m - [0;37;1mset a player to be in a group with per-group permissions.[m

[10:12:59] [Server thread/INFO]: [0;32;1m/permissions group - [0;37;1mlist group-related commands.[m

[10:12:59] [Server thread/INFO]: [0;32;1m/permissions player - [0;37;1mlist player-related commands.[m

[10:13:09] [Server thread/INFO]: [0;32;1mPlayer [0;37;1mitsinvistwitch[0;32;1m is now in [0;37;1madmin[0;32;1m.[m

[10:13:18] [Async Chat Thread - #0/INFO]: <ItsInvisTwitch> huh[m

[10:13:29] [Server thread/INFO]: ItsInvisTwitch issued server command: /permissions
[10:13:38] [Async Chat Thread - #0/INFO]: <ItsInvisTwitch> .permissions reload[m

[10:13:42] [Server thread/INFO]: ItsInvisTwitch issued server command: /permissions reload
[10:14:25] [Server thread/INFO]: ItsInvisTwitch issued server command: /permissions setrank ItsInvisTwitch admin
[10:14:28] [Async Chat Thread - #0/INFO]: <ItsInvisTwitch> finally[m

[10:14:36] [Server thread/INFO]: ItsInvisTwitch issued server command: /permissions setrank ItsInvisTwitch admin
[10:14:39] [Server thread/INFO]: ItsInvisTwitch lost connection: Disconnected
[10:14:39] [Server thread/INFO]: ItsInvisTwitch left the game.
[10:14:53] [Thread-8/INFO]: Disconnecting com.mojang.authlib.GameProfile@26545ed6[id=fb27e06f-8033-3ab2-b2d2-0840e60d278c,name=itsinvistwitch,properties={textures=[com.mojang.authlib.properties.Property@38c49bf5], isEaglerPlayer=[com.mojang.authlib.properties.Property@3cfb1835]},legacy=false] (/[0:0:0:0:0:0:0:1]:35654): [LoginSecurity] This account is registered under the name ItsInvisTwitch, please log in as such.
[10:14:53] [Server thread/INFO]: com.mojang.authlib.GameProfile@26545ed6[id=fb27e06f-8033-3ab2-b2d2-0840e60d278c,name=itsinvistwitch,properties={textures=[com.mojang.authlib.properties.Property@38c49bf5], isEaglerPlayer=[com.mojang.authlib.properties.Property@3cfb1835]},legacy=false] (/[0:0:0:0:0:0:0:1]:35654) lost connection: [LoginSecurity] This account is registered under the name ItsInvisTwitch, please log in as such.
[10:15:06] [Thread-9/INFO]: UUID of player ItsInvisTwitch is 5fba7fb0-0b91-3b8e-a9ce-8f287cdaaaec
[10:15:06] [Server thread/INFO]: ItsInvisTwitch[/[0:0:0:0:0:0:0:1]:35240] logged in with entity id 955 at ([world]179.6294584123509, 90.683530420171, 438.5718597805104)
[10:16:09] [Server thread/INFO]: ItsInvisTwitch lost connection: Disconnected
[10:16:09] [Server thread/INFO]: ItsInvisTwitch left the game.
[10:21:19] [Craft Scheduler Thread - 3/INFO]: [Metrics] Connection refused
[10:23:03] [Server thread/INFO]: Stopping the server
[10:23:03] [Server thread/INFO]: Stopping server
[10:23:03] [Server thread/INFO]: [LoginSecurity] Disabling LoginSecurity v3.2.0
[10:23:03] [Server thread/INFO]: [LoginSecurity] Waiting for queued tasks...
[10:23:03] [Server thread/INFO]: [LoginSecurity] ExecutorService shut down, ready to disable.
[10:23:03] [Server thread/INFO]: [PermissionsBukkit] Disabling PermissionsBukkit v2.1
[10:23:03] [Server thread/INFO]: [WorldEdit] Disabling WorldEdit v6.1;no_git_id
[10:23:03] [Server thread/INFO]: [SimpleHomes] Disabling SimpleHomes v2.2
[10:23:03] [Server thread/INFO]: [SimpleTpa] Disabling SimpleTpa v6.4
[10:23:03] [Server thread/INFO]: [0;36;1m[21m[SimpleTpa] If you need support contact me at https://discord.gg/SZUkza9[m

[10:23:03] [Server thread/INFO]: [0;36;1m[21m[SimpleTpa] Simple Tpa has been disabled on version 6.4[m

[10:23:03] [Server thread/INFO]: Saving players
[10:23:03] [Server thread/INFO]: Saving worlds
[10:23:03] [Server thread/INFO]: Saving chunks for level 'world'/Overworld
[10:23:03] [Server thread/INFO]: Saving chunks for level 'world_nether'/Nether
[10:23:03] [Server thread/INFO]: Saving chunks for level 'world_the_end'/The End
